==86105== Memcheck, a memory error detector
==86105== Copyright (C) 2002-2017, and GNU GPL'd, by Julian Seward et al.
==86105== Using Valgrind-3.18.1 and LibVEX; rerun with -h for copyright info
==86105== Command: bin/xacto -p 9999
==86105== Parent PID: 86093
==86105== 
==86105== Thread 2:
==86105== Invalid read of size 4
==86105==    at 0x4905F74: pthread_mutex_lock@@GLIBC_2.2.5 (pthread_mutex_lock.c:80)
==86105==    by 0x10B23F: trans_unref (transaction.c:63)
==86105==    by 0x10BCE1: xacto_client_service (server.c:189)
==86105==    by 0x4902B42: start_thread (pthread_create.c:442)
==86105==    by 0x4993BB3: clone (clone.S:100)
==86105==  Address 0x4a9a810 is 80 bytes inside a block of size 120 free'd
==86105==    at 0x484B27F: free (in /usr/libexec/valgrind/vgpreload_memcheck-amd64-linux.so)
==86105==    by 0x10B316: trans_unref (transaction.c:80)
==86105==    by 0x10B67B: trans_abort (transaction.c:172)
==86105==    by 0x10B865: xacto_client_service (server.c:30)
==86105==    by 0x4902B42: start_thread (pthread_create.c:442)
==86105==    by 0x4993BB3: clone (clone.S:100)
==86105==  Block was alloc'd at
==86105==    at 0x4848899: malloc (in /usr/libexec/valgrind/vgpreload_memcheck-amd64-linux.so)
==86105==    by 0x10B058: trans_create (transaction.c:24)
==86105==    by 0x10B7E9: xacto_client_service (server.c:19)
==86105==    by 0x4902B42: start_thread (pthread_create.c:442)
==86105==    by 0x4993BB3: clone (clone.S:100)
==86105== 
==86105== Invalid read of size 4
==86105==    at 0x490584D: __pthread_mutex_lock_full (pthread_mutex_lock.c:186)
==86105==    by 0x10B23F: trans_unref (transaction.c:63)
==86105==    by 0x10BCE1: xacto_client_service (server.c:189)
==86105==    by 0x4902B42: start_thread (pthread_create.c:442)
==86105==    by 0x4993BB3: clone (clone.S:100)
==86105==  Address 0x4a9a810 is 80 bytes inside a block of size 120 free'd
==86105==    at 0x484B27F: free (in /usr/libexec/valgrind/vgpreload_memcheck-amd64-linux.so)
==86105==    by 0x10B316: trans_unref (transaction.c:80)
==86105==    by 0x10B67B: trans_abort (transaction.c:172)
==86105==    by 0x10B865: xacto_client_service (server.c:30)
==86105==    by 0x4902B42: start_thread (pthread_create.c:442)
==86105==    by 0x4993BB3: clone (clone.S:100)
==86105==  Block was alloc'd at
==86105==    at 0x4848899: malloc (in /usr/libexec/valgrind/vgpreload_memcheck-amd64-linux.so)
==86105==    by 0x10B058: trans_create (transaction.c:24)
==86105==    by 0x10B7E9: xacto_client_service (server.c:19)
==86105==    by 0x4902B42: start_thread (pthread_create.c:442)
==86105==    by 0x4993BB3: clone (clone.S:100)
==86105== 
==86105== Invalid read of size 4
==86105==    at 0x10B244: trans_unref (transaction.c:64)
==86105==    by 0x10BCE1: xacto_client_service (server.c:189)
==86105==    by 0x4902B42: start_thread (pthread_create.c:442)
==86105==    by 0x4993BB3: clone (clone.S:100)
==86105==  Address 0x4a9a7c4 is 4 bytes inside a block of size 120 free'd
==86105==    at 0x484B27F: free (in /usr/libexec/valgrind/vgpreload_memcheck-amd64-linux.so)
==86105==    by 0x10B316: trans_unref (transaction.c:80)
==86105==    by 0x10B67B: trans_abort (transaction.c:172)
==86105==    by 0x10B865: xacto_client_service (server.c:30)
==86105==    by 0x4902B42: start_thread (pthread_create.c:442)
==86105==    by 0x4993BB3: clone (clone.S:100)
==86105==  Block was alloc'd at
==86105==    at 0x4848899: malloc (in /usr/libexec/valgrind/vgpreload_memcheck-amd64-linux.so)
==86105==    by 0x10B058: trans_create (transaction.c:24)
==86105==    by 0x10B7E9: xacto_client_service (server.c:19)
==86105==    by 0x4902B42: start_thread (pthread_create.c:442)
==86105==    by 0x4993BB3: clone (clone.S:100)
==86105== 
==86105== Invalid write of size 4
==86105==    at 0x10B24E: trans_unref (transaction.c:64)
==86105==    by 0x10BCE1: xacto_client_service (server.c:189)
==86105==    by 0x4902B42: start_thread (pthread_create.c:442)
==86105==    by 0x4993BB3: clone (clone.S:100)
==86105==  Address 0x4a9a7c4 is 4 bytes inside a block of size 120 free'd
==86105==    at 0x484B27F: free (in /usr/libexec/valgrind/vgpreload_memcheck-amd64-linux.so)
==86105==    by 0x10B316: trans_unref (transaction.c:80)
==86105==    by 0x10B67B: trans_abort (transaction.c:172)
==86105==    by 0x10B865: xacto_client_service (server.c:30)
==86105==    by 0x4902B42: start_thread (pthread_create.c:442)
==86105==    by 0x4993BB3: clone (clone.S:100)
==86105==  Block was alloc'd at
==86105==    at 0x4848899: malloc (in /usr/libexec/valgrind/vgpreload_memcheck-amd64-linux.so)
==86105==    by 0x10B058: trans_create (transaction.c:24)
==86105==    by 0x10B7E9: xacto_client_service (server.c:19)
==86105==    by 0x4902B42: start_thread (pthread_create.c:442)
==86105==    by 0x4993BB3: clone (clone.S:100)
==86105== 
==86105== Invalid read of size 4
==86105==    at 0x10B255: trans_unref (transaction.c:65)
==86105==    by 0x10BCE1: xacto_client_service (server.c:189)
==86105==    by 0x4902B42: start_thread (pthread_create.c:442)
==86105==    by 0x4993BB3: clone (clone.S:100)
==86105==  Address 0x4a9a7c4 is 4 bytes inside a block of size 120 free'd
==86105==    at 0x484B27F: free (in /usr/libexec/valgrind/vgpreload_memcheck-amd64-linux.so)
==86105==    by 0x10B316: trans_unref (transaction.c:80)
==86105==    by 0x10B67B: trans_abort (transaction.c:172)
==86105==    by 0x10B865: xacto_client_service (server.c:30)
==86105==    by 0x4902B42: start_thread (pthread_create.c:442)
==86105==    by 0x4993BB3: clone (clone.S:100)
==86105==  Block was alloc'd at
==86105==    at 0x4848899: malloc (in /usr/libexec/valgrind/vgpreload_memcheck-amd64-linux.so)
==86105==    by 0x10B058: trans_create (transaction.c:24)
==86105==    by 0x10B7E9: xacto_client_service (server.c:19)
==86105==    by 0x4902B42: start_thread (pthread_create.c:442)
==86105==    by 0x4993BB3: clone (clone.S:100)
==86105== 
==86105== Invalid read of size 4
==86105==    at 0x10B31D: trans_unref (transaction.c:82)
==86105==    by 0x10BCE1: xacto_client_service (server.c:189)
==86105==    by 0x4902B42: start_thread (pthread_create.c:442)
==86105==    by 0x4993BB3: clone (clone.S:100)
==86105==  Address 0x4a9a7c4 is 4 bytes inside a block of size 120 free'd
==86105==    at 0x484B27F: free (in /usr/libexec/valgrind/vgpreload_memcheck-amd64-linux.so)
==86105==    by 0x10B316: trans_unref (transaction.c:80)
==86105==    by 0x10B67B: trans_abort (transaction.c:172)
==86105==    by 0x10B865: xacto_client_service (server.c:30)
==86105==    by 0x4902B42: start_thread (pthread_create.c:442)
==86105==    by 0x4993BB3: clone (clone.S:100)
==86105==  Block was alloc'd at
==86105==    at 0x4848899: malloc (in /usr/libexec/valgrind/vgpreload_memcheck-amd64-linux.so)
==86105==    by 0x10B058: trans_create (transaction.c:24)
==86105==    by 0x10B7E9: xacto_client_service (server.c:19)
==86105==    by 0x4902B42: start_thread (pthread_create.c:442)
==86105==    by 0x4993BB3: clone (clone.S:100)
==86105== 
==86105== Invalid read of size 4
==86105==    at 0x10B324: trans_unref (transaction.c:82)
==86105==    by 0x10BCE1: xacto_client_service (server.c:189)
==86105==    by 0x4902B42: start_thread (pthread_create.c:442)
==86105==    by 0x4993BB3: clone (clone.S:100)
==86105==  Address 0x4a9a7c4 is 4 bytes inside a block of size 120 free'd
==86105==    at 0x484B27F: free (in /usr/libexec/valgrind/vgpreload_memcheck-amd64-linux.so)
==86105==    by 0x10B316: trans_unref (transaction.c:80)
==86105==    by 0x10B67B: trans_abort (transaction.c:172)
==86105==    by 0x10B865: xacto_client_service (server.c:30)
==86105==    by 0x4902B42: start_thread (pthread_create.c:442)
==86105==    by 0x4993BB3: clone (clone.S:100)
==86105==  Block was alloc'd at
==86105==    at 0x4848899: malloc (in /usr/libexec/valgrind/vgpreload_memcheck-amd64-linux.so)
==86105==    by 0x10B058: trans_create (transaction.c:24)
==86105==    by 0x10B7E9: xacto_client_service (server.c:19)
==86105==    by 0x4902B42: start_thread (pthread_create.c:442)
==86105==    by 0x4993BB3: clone (clone.S:100)
==86105== 
==86105== Invalid read of size 4
==86105==    at 0x10B32E: trans_unref (transaction.c:82)
==86105==    by 0x10BCE1: xacto_client_service (server.c:189)
==86105==    by 0x4902B42: start_thread (pthread_create.c:442)
==86105==    by 0x4993BB3: clone (clone.S:100)
==86105==  Address 0x4a9a7c0 is 0 bytes inside a block of size 120 free'd
==86105==    at 0x484B27F: free (in /usr/libexec/valgrind/vgpreload_memcheck-amd64-linux.so)
==86105==    by 0x10B316: trans_unref (transaction.c:80)
==86105==    by 0x10B67B: trans_abort (transaction.c:172)
==86105==    by 0x10B865: xacto_client_service (server.c:30)
==86105==    by 0x4902B42: start_thread (pthread_create.c:442)
==86105==    by 0x4993BB3: clone (clone.S:100)
==86105==  Block was alloc'd at
==86105==    at 0x4848899: malloc (in /usr/libexec/valgrind/vgpreload_memcheck-amd64-linux.so)
==86105==    by 0x10B058: trans_create (transaction.c:24)
==86105==    by 0x10B7E9: xacto_client_service (server.c:19)
==86105==    by 0x4902B42: start_thread (pthread_create.c:442)
==86105==    by 0x4993BB3: clone (clone.S:100)
==86105== 
==86105== Invalid read of size 4
==86105==    at 0x4907AF4: __pthread_mutex_unlock_usercnt (pthread_mutex_unlock.c:51)
==86105==    by 0x4907AF4: pthread_mutex_unlock@@GLIBC_2.2.5 (pthread_mutex_unlock.c:368)
==86105==    by 0x10B381: trans_unref (transaction.c:83)
==86105==    by 0x10BCE1: xacto_client_service (server.c:189)
==86105==    by 0x4902B42: start_thread (pthread_create.c:442)
==86105==    by 0x4993BB3: clone (clone.S:100)
==86105==  Address 0x4a9a810 is 80 bytes inside a block of size 120 free'd
==86105==    at 0x484B27F: free (in /usr/libexec/valgrind/vgpreload_memcheck-amd64-linux.so)
==86105==    by 0x10B316: trans_unref (transaction.c:80)
==86105==    by 0x10B67B: trans_abort (transaction.c:172)
==86105==    by 0x10B865: xacto_client_service (server.c:30)
==86105==    by 0x4902B42: start_thread (pthread_create.c:442)
==86105==    by 0x4993BB3: clone (clone.S:100)
==86105==  Block was alloc'd at
==86105==    at 0x4848899: malloc (in /usr/libexec/valgrind/vgpreload_memcheck-amd64-linux.so)
==86105==    by 0x10B058: trans_create (transaction.c:24)
==86105==    by 0x10B7E9: xacto_client_service (server.c:19)
==86105==    by 0x4902B42: start_thread (pthread_create.c:442)
==86105==    by 0x4993BB3: clone (clone.S:100)
==86105== 
==86105== Invalid read of size 4
==86105==    at 0x4907B55: __pthread_mutex_unlock_usercnt (pthread_mutex_unlock.c:55)
==86105==    by 0x4907B55: pthread_mutex_unlock@@GLIBC_2.2.5 (pthread_mutex_unlock.c:368)
==86105==    by 0x10B381: trans_unref (transaction.c:83)
==86105==    by 0x10BCE1: xacto_client_service (server.c:189)
==86105==    by 0x4902B42: start_thread (pthread_create.c:442)
==86105==    by 0x4993BB3: clone (clone.S:100)
==86105==  Address 0x4a9a810 is 80 bytes inside a block of size 120 free'd
==86105==    at 0x484B27F: free (in /usr/libexec/valgrind/vgpreload_memcheck-amd64-linux.so)
==86105==    by 0x10B316: trans_unref (transaction.c:80)
==86105==    by 0x10B67B: trans_abort (transaction.c:172)
==86105==    by 0x10B865: xacto_client_service (server.c:30)
==86105==    by 0x4902B42: start_thread (pthread_create.c:442)
==86105==    by 0x4993BB3: clone (clone.S:100)
==86105==  Block was alloc'd at
==86105==    at 0x4848899: malloc (in /usr/libexec/valgrind/vgpreload_memcheck-amd64-linux.so)
==86105==    by 0x10B058: trans_create (transaction.c:24)
==86105==    by 0x10B7E9: xacto_client_service (server.c:19)
==86105==    by 0x4902B42: start_thread (pthread_create.c:442)
==86105==    by 0x4993BB3: clone (clone.S:100)
==86105== 
==86105== 
==86105== FILE DESCRIPTORS: 8 open (3 std) at exit.
==86105== Open AF_INET socket 5: 0.0.0.0:9999 <-> unbound
==86105==    at 0x4995CEB: socket (syscall-template.S:120)
==86105==    by 0x10A9A2: main (main.c:77)
==86105== 
==86105== Open file descriptor 12: /dev/shm/bxf_arena_86091 (deleted)
==86105==    <inherited from parent>
==86105== 
==86105== Open file descriptor 11: /dev/shm/bxf_arena_86091 (deleted)
==86105==    <inherited from parent>
==86105== 
==86105== Open file descriptor 4:
==86105==    <inherited from parent>
==86105== 
==86105== Open file descriptor 3: /home/student/jiemchen/hw5/valgrind.out
==86105==    <inherited from parent>
==86105== 
==86105== 
==86105== HEAP SUMMARY:
==86105==     in use at exit: 0 bytes in 0 blocks
==86105==   total heap usage: 6 allocs, 6 frees, 5,804 bytes allocated
==86105== 
==86105== All heap blocks were freed -- no leaks are possible
==86105== 
==86105== For lists of detected and suppressed errors, rerun with: -s
==86105== ERROR SUMMARY: 10 errors from 10 contexts (suppressed: 0 from 0)
